make --dry-run --always-make --keep-going --print-directory
make: Entering directory `/Users/parksungjun/CodeProjects/pngshell'
/Applications/Xcode.app/Contents/Developer/usr/bin/make -C ./library/libft
 
make[1]: Entering directory `/Users/parksungjun/CodeProjects/pngshell/library/libft'
gcc -Wall -Wextra -Werror -I ./include/ -c src/ft_atoi.c -o src/ft_atoi.o
gcc -Wall -Wextra -Werror -I ./include/ -c src/ft_bzero.c -o src/ft_bzero.o
gcc -Wall -Wextra -Werror -I ./include/ -c src/ft_calloc.c -o src/ft_calloc.o
 
gcc -Wall -Wextra -Werror -I ./include/ -c src/ft_isalnum.c -o src/ft_isalnum.o
gcc -Wall -Wextra -Werror -I ./include/ -c src/ft_isalpha.c -o src/ft_isalpha.o
gcc -Wall -Wextra -Werror -I ./include/ -c src/ft_isascii.c -o src/ft_isascii.o
gcc -Wall -Wextra -Werror -I ./include/ -c src/ft_isdigit.c -o src/ft_isdigit.o
gcc -Wall -Wextra -Werror -I ./include/ -c src/ft_isprint.c -o src/ft_isprint.o
gcc -Wall -Wextra -Werror -I ./include/ -c src/ft_itoa.c -o src/ft_itoa.o
gcc -Wall -Wextra -Werror -I ./include/ -c src/ft_memchr.c -o src/ft_memchr.o
gcc -Wall -Wextra -Werror -I ./include/ -c src/ft_memcmp.c -o src/ft_memcmp.o
gcc -Wall -Wextra -Werror -I ./include/ -c src/ft_memcpy.c -o src/ft_memcpy.o
gcc -Wall -Wextra -Werror -I ./include/ -c src/ft_memmove.c -o src/ft_memmove.o
 
gcc -Wall -Wextra -Werror -I ./include/ -c src/ft_memset.c -o src/ft_memset.o
gcc -Wall -Wextra -Werror -I ./include/ -c src/ft_putchar_fd.c -o src/ft_putchar_fd.o
gcc -Wall -Wextra -Werror -I ./include/ -c src/ft_putendl_fd.c -o src/ft_putendl_fd.o
 
gcc -Wall -Wextra -Werror -I ./include/ -c src/ft_putnbr_fd.c -o src/ft_putnbr_fd.o
gcc -Wall -Wextra -Werror -I ./include/ -c src/ft_putstr_fd.c -o src/ft_putstr_fd.o
 
gcc -Wall -Wextra -Werror -I ./include/ -c src/ft_split.c -o src/ft_split.o
 
gcc -Wall -Wextra -Werror -I ./include/ -c src/ft_strchr.c -o src/ft_strchr.o
gcc -Wall -Wextra -Werror -I ./include/ -c src/ft_strdup.c -o src/ft_strdup.o
 
gcc -Wall -Wextra -Werror -I ./include/ -c src/ft_striteri.c -o src/ft_striteri.o
gcc -Wall -Wextra -Werror -I ./include/ -c src/ft_strjoin.c -o src/ft_strjoin.o
gcc -Wall -Wextra -Werror -I ./include/ -c src/ft_strlcpy.c -o src/ft_strlcpy.o
gcc -Wall -Wextra -Werror -I ./include/ -c src/ft_strlen.c -o src/ft_strlen.o
gcc -Wall -Wextra -Werror -I ./include/ -c src/ft_strlcat.c -o src/ft_strlcat.o
gcc -Wall -Wextra -Werror -I ./include/ -c src/ft_strncmp.c -o src/ft_strncmp.o
 
gcc -Wall -Wextra -Werror -I ./include/ -c src/ft_strnstr.c -o src/ft_strnstr.o
gcc -Wall -Wextra -Werror -I ./include/ -c src/ft_strmapi.c -o src/ft_strmapi.o
gcc -Wall -Wextra -Werror -I ./include/ -c src/ft_strrchr.c -o src/ft_strrchr.o
 
gcc -Wall -Wextra -Werror -I ./include/ -c src/ft_strtrim.c -o src/ft_strtrim.o
gcc -Wall -Wextra -Werror -I ./include/ -c src/ft_substr.c -o src/ft_substr.o
 
gcc -Wall -Wextra -Werror -I ./include/ -c src/ft_tolower.c -o src/ft_tolower.o
gcc -Wall -Wextra -Werror -I ./include/ -c src/ft_toupper.c -o src/ft_toupper.o
 
gcc -Wall -Wextra -Werror -I ./include/ -c src/ft_isinset.c -o src/ft_isinset.o
gcc -Wall -Wextra -Werror -I ./include/ -c src/ft_isspace.c -o src/ft_isspace.o
 
gcc -Wall -Wextra -Werror -I ./include/ -c src/ft_strcspn.c -o src/ft_strcspn.o
gcc -Wall -Wextra -Werror -I ./include/ -c src/ft_strpbrk.c -o src/ft_strpbrk.o
 
gcc -Wall -Wextra -Werror -I ./include/ -c src/ft_get_next_line.c -o src/ft_get_next_line.o
 
gcc -Wall -Wextra -Werror -I ./include/ -c src/ft_printf.c -o src/ft_printf.o
gcc -Wall -Wextra -Werror -I ./include/ -c src/ft_putaddr_fd.c -o src/ft_putaddr_fd.o
 
gcc -Wall -Wextra -Werror -I ./include/ -c src/ft_puthex_fd.c -o src/ft_puthex_fd.o
 
gcc -Wall -Wextra -Werror -I ./include/ -c src/ft_set_print_color.c -o src/ft_set_print_color.o
gcc -Wall -Wextra -Werror -I ./include/ -c src/ft_lstnew.c -o src/ft_lstnew.o
 
gcc -Wall -Wextra -Werror -I ./include/ -c src/ft_lstadd_front.c -o src/ft_lstadd_front.o
gcc -Wall -Wextra -Werror -I ./include/ -c src/ft_lstsize.c -o src/ft_lstsize.o
gcc -Wall -Wextra -Werror -I ./include/ -c src/ft_lstlast.c -o src/ft_lstlast.o
 
gcc -Wall -Wextra -Werror -I ./include/ -c src/ft_lstadd_back.c -o src/ft_lstadd_back.o
gcc -Wall -Wextra -Werror -I ./include/ -c src/ft_lstclear.c -o src/ft_lstclear.o
gcc -Wall -Wextra -Werror -I ./include/ -c src/ft_lstdelone.c -o src/ft_lstdelone.o
gcc -Wall -Wextra -Werror -I ./include/ -c src/ft_lstiter.c -o src/ft_lstiter.o
 
gcc -Wall -Wextra -Werror -I ./include/ -c src/ft_lstmap.c -o src/ft_lstmap.o
ar rcs libft.a ./src/ft_atoi.o ./src/ft_bzero.o ./src/ft_calloc.o ./src/ft_isalnum.o ./src/ft_isalpha.o ./src/ft_isascii.o ./src/ft_isdigit.o ./src/ft_isprint.o ./src/ft_itoa.o ./src/ft_memchr.o ./src/ft_memcmp.o ./src/ft_memcpy.o ./src/ft_memmove.o ./src/ft_memset.o ./src/ft_putchar_fd.o ./src/ft_putendl_fd.o ./src/ft_putnbr_fd.o ./src/ft_putstr_fd.o ./src/ft_split.o ./src/ft_strchr.o ./src/ft_strdup.o ./src/ft_striteri.o ./src/ft_strjoin.o ./src/ft_strlcpy.o ./src/ft_strlen.o ./src/ft_strlcat.o ./src/ft_strncmp.o ./src/ft_strnstr.o ./src/ft_strmapi.o ./src/ft_strrchr.o ./src/ft_strtrim.o ./src/ft_substr.o ./src/ft_tolower.o ./src/ft_toupper.o ./src/ft_isinset.o ./src/ft_isspace.o ./src/ft_strcspn.o ./src/ft_strpbrk.o ./src/ft_get_next_line.o ./src/ft_printf.o ./src/ft_putaddr_fd.o ./src/ft_puthex_fd.o ./src/ft_set_print_color.o ./src/ft_lstnew.o ./src/ft_lstadd_front.o ./src/ft_lstsize.o ./src/ft_lstlast.o ./src/ft_lstadd_back.o ./src/ft_lstclear.o ./src/ft_lstdelone.o ./src/ft_lstiter.o ./src/ft_lstmap.o
make[1]: Leaving directory `/Users/parksungjun/CodeProjects/pngshell/library/libft'
/Applications/Xcode.app/Contents/Developer/usr/bin/make -C ./builtin_programs/echo/
 
make[1]: Entering directory `/Users/parksungjun/CodeProjects/pngshell/builtin_programs/echo'
cc -Wall -Wextra -Werror -I./include/ -c src/echo.c -o src/echo.o
 
cc -Wall -Wextra -Werror -I./include/ -c src/echo_string.c -o src/echo_string.o
cc -Wall -Wextra -Werror -I./include/ -c src/get_option.c -o src/get_option.o
cc -Wall -Wextra -Werror -I./include/ -c src/run_program.c -o src/run_program.o
cc -Wall -Wextra -Werror ./src/echo.o ./src/echo_string.o ./src/get_option.o ./src/run_program.o -o echo -I./include/
make[1]: Leaving directory `/Users/parksungjun/CodeProjects/pngshell/builtin_programs/echo'
 
cc -Wall -Wextra -Werror  -L ./library/libft -ft -o minishell -I./include/ -I./library/libft/include 
make: Leaving directory `/Users/parksungjun/CodeProjects/pngshell'
 
